2025-04-12 10:27:35 INFO  - Reflections took 64 ms to scan 1 urls, producing 28 keys and 101 values
2025-04-18 22:51:31 INFO  - Reflections took 99 ms to scan 1 urls, producing 28 keys and 101 values
2025-04-18 22:55:15 INFO  - Reflections took 73 ms to scan 1 urls, producing 28 keys and 101 values
2025-04-18 22:59:59 INFO  - Reflections took 74 ms to scan 1 urls, producing 28 keys and 102 values
2025-04-18 23:06:58 INFO  - Reflections took 70 ms to scan 1 urls, producing 28 keys and 103 values
2025-04-18 23:11:04 INFO  - Reflections took 72 ms to scan 1 urls, producing 28 keys and 104 values
2025-04-18 23:13:01 INFO  - Reflections took 74 ms to scan 1 urls, producing 28 keys and 105 values
2025-04-18 23:16:36 INFO  - Reflections took 72 ms to scan 1 urls, producing 28 keys and 105 values
2025-04-19 10:52:10 INFO  - Reflections took 57 ms to scan 1 urls, producing 28 keys and 105 values
2025-04-28 18:54:29 INFO  - Reflections took 78 ms to scan 1 urls, producing 36 keys and 115 values
2025-04-28 18:54:45 DEBUG - Refreshing org.springframework.context.annotation.AnnotationConfigApplicationContext@61df66b6
2025-04-28 18:54:45 DEBUG - Creating shared instance of singleton bean 'org.springframework.context.annotation.internalConfigurationAnnotationProcessor'
2025-04-28 18:54:45 DEBUG - Creating shared instance of singleton bean 'org.springframework.context.event.internalEventListenerProcessor'
2025-04-28 18:54:45 DEBUG - Creating shared instance of singleton bean 'org.springframework.context.event.internalEventListenerFactory'
2025-04-28 18:54:45 DEBUG - Creating shared instance of singleton bean 'org.springframework.context.annotation.internalAutowiredAnnotationProcessor'
2025-04-28 18:56:14 DEBUG - Refreshing org.springframework.context.annotation.AnnotationConfigApplicationContext@61df66b6
2025-04-28 18:56:14 DEBUG - Creating shared instance of singleton bean 'org.springframework.context.annotation.internalConfigurationAnnotationProcessor'
2025-04-28 18:56:14 DEBUG - Creating shared instance of singleton bean 'org.springframework.context.event.internalEventListenerProcessor'
2025-04-28 18:56:14 DEBUG - Creating shared instance of singleton bean 'org.springframework.context.event.internalEventListenerFactory'
2025-04-28 18:56:14 DEBUG - Creating shared instance of singleton bean 'org.springframework.context.annotation.internalAutowiredAnnotationProcessor'
2025-04-28 19:04:03 DEBUG - Refreshing org.springframework.context.annotation.AnnotationConfigApplicationContext@61df66b6
2025-04-28 19:04:03 DEBUG - Creating shared instance of singleton bean 'org.springframework.context.annotation.internalConfigurationAnnotationProcessor'
2025-04-28 19:04:03 DEBUG - Creating shared instance of singleton bean 'org.springframework.context.event.internalEventListenerProcessor'
2025-04-28 19:04:03 DEBUG - Creating shared instance of singleton bean 'org.springframework.context.event.internalEventListenerFactory'
2025-04-28 19:04:03 DEBUG - Creating shared instance of singleton bean 'org.springframework.context.annotation.internalAutowiredAnnotationProcessor'
2025-04-28 19:05:06 DEBUG - Identified candidate component class: file [/Users/anastasiaholodova/Documents/GitHub/knit241JAVA/target/classes/org/knit/solutions/org2/lab20/clipboard/SystemClipboardService.class]
2025-04-28 19:05:06 DEBUG - Identified candidate component class: file [/Users/anastasiaholodova/Documents/GitHub/knit241JAVA/target/classes/org/knit/solutions/org2/lab20/config/AppConfig.class]
2025-04-28 19:05:06 DEBUG - Identified candidate component class: file [/Users/anastasiaholodova/Documents/GitHub/knit241JAVA/target/classes/org/knit/solutions/org2/lab20/crypto/AesEncryptionService.class]
2025-04-28 19:05:06 DEBUG - Identified candidate component class: file [/Users/anastasiaholodova/Documents/GitHub/knit241JAVA/target/classes/org/knit/solutions/org2/lab20/repository/InMemoryPasswordRepository.class]
2025-04-28 19:05:06 DEBUG - Identified candidate component class: file [/Users/anastasiaholodova/Documents/GitHub/knit241JAVA/target/classes/org/knit/solutions/org2/lab20/security/MasterPasswordHolder.class]
2025-04-28 19:05:06 DEBUG - Identified candidate component class: file [/Users/anastasiaholodova/Documents/GitHub/knit241JAVA/target/classes/org/knit/solutions/org2/lab20/service/PasswordService.class]
2025-04-28 19:05:06 DEBUG - Refreshing org.springframework.context.annotation.AnnotationConfigApplicationContext@61df66b6
2025-04-28 19:05:06 DEBUG - Creating shared instance of singleton bean 'org.springframework.context.annotation.internalConfigurationAnnotationProcessor'
2025-04-28 19:05:06 DEBUG - Identified candidate component class: file [/Users/anastasiaholodova/Documents/GitHub/knit241JAVA/target/classes/org/knit/solutions/org2/lab20/clipboard/SystemClipboardService.class]
2025-04-28 19:05:06 DEBUG - Identified candidate component class: file [/Users/anastasiaholodova/Documents/GitHub/knit241JAVA/target/classes/org/knit/solutions/org2/lab20/crypto/AesEncryptionService.class]
2025-04-28 19:05:06 DEBUG - Identified candidate component class: file [/Users/anastasiaholodova/Documents/GitHub/knit241JAVA/target/classes/org/knit/solutions/org2/lab20/repository/InMemoryPasswordRepository.class]
2025-04-28 19:05:06 DEBUG - Identified candidate component class: file [/Users/anastasiaholodova/Documents/GitHub/knit241JAVA/target/classes/org/knit/solutions/org2/lab20/security/MasterPasswordHolder.class]
2025-04-28 19:05:06 DEBUG - Identified candidate component class: file [/Users/anastasiaholodova/Documents/GitHub/knit241JAVA/target/classes/org/knit/solutions/org2/lab20/service/PasswordService.class]
2025-04-28 19:05:06 DEBUG - Creating shared instance of singleton bean 'org.springframework.context.event.internalEventListenerProcessor'
2025-04-28 19:05:06 DEBUG - Creating shared instance of singleton bean 'org.springframework.context.event.internalEventListenerFactory'
2025-04-28 19:05:06 DEBUG - Creating shared instance of singleton bean 'org.springframework.context.annotation.internalAutowiredAnnotationProcessor'
2025-04-28 19:05:06 DEBUG - Creating shared instance of singleton bean 'systemClipboardService'
2025-04-28 19:05:06 DEBUG - Creating shared instance of singleton bean 'appConfig'
2025-04-28 19:05:06 DEBUG - Creating shared instance of singleton bean 'aesEncryptionService'
2025-04-28 19:05:06 DEBUG - Creating shared instance of singleton bean 'inMemoryPasswordRepository'
2025-04-28 19:05:06 DEBUG - Creating shared instance of singleton bean 'masterPasswordHolder'
2025-04-28 19:05:06 DEBUG - Creating shared instance of singleton bean 'passwordService'
2025-04-28 19:05:06 DEBUG - Autowiring by type from bean name 'passwordService' via constructor to bean named 'inMemoryPasswordRepository'
2025-04-28 19:05:06 DEBUG - Autowiring by type from bean name 'passwordService' via constructor to bean named 'aesEncryptionService'
2025-04-28 19:05:06 DEBUG - Autowiring by type from bean name 'passwordService' via constructor to bean named 'systemClipboardService'
2025-04-28 19:05:06 DEBUG - Autowiring by type from bean name 'passwordService' via constructor to bean named 'masterPasswordHolder'
2025-04-28 19:07:24 DEBUG - Closing org.springframework.context.annotation.AnnotationConfigApplicationContext@61df66b6, started on Mon Apr 28 19:05:06 GMT+04:00 2025
2025-04-28 19:07:26 DEBUG - Identified candidate component class: file [/Users/anastasiaholodova/Documents/GitHub/knit241JAVA/target/classes/org/knit/solutions/org2/lab20/clipboard/SystemClipboardService.class]
2025-04-28 19:07:26 DEBUG - Identified candidate component class: file [/Users/anastasiaholodova/Documents/GitHub/knit241JAVA/target/classes/org/knit/solutions/org2/lab20/config/AppConfig.class]
2025-04-28 19:07:26 DEBUG - Identified candidate component class: file [/Users/anastasiaholodova/Documents/GitHub/knit241JAVA/target/classes/org/knit/solutions/org2/lab20/crypto/AesEncryptionService.class]
2025-04-28 19:07:26 DEBUG - Identified candidate component class: file [/Users/anastasiaholodova/Documents/GitHub/knit241JAVA/target/classes/org/knit/solutions/org2/lab20/repository/InMemoryPasswordRepository.class]
2025-04-28 19:07:26 DEBUG - Identified candidate component class: file [/Users/anastasiaholodova/Documents/GitHub/knit241JAVA/target/classes/org/knit/solutions/org2/lab20/security/MasterPasswordHolder.class]
2025-04-28 19:07:26 DEBUG - Identified candidate component class: file [/Users/anastasiaholodova/Documents/GitHub/knit241JAVA/target/classes/org/knit/solutions/org2/lab20/service/PasswordService.class]
2025-04-28 19:07:26 DEBUG - Refreshing org.springframework.context.annotation.AnnotationConfigApplicationContext@61df66b6
2025-04-28 19:07:26 DEBUG - Creating shared instance of singleton bean 'org.springframework.context.annotation.internalConfigurationAnnotationProcessor'
2025-04-28 19:07:26 DEBUG - Identified candidate component class: file [/Users/anastasiaholodova/Documents/GitHub/knit241JAVA/target/classes/org/knit/solutions/org2/lab20/clipboard/SystemClipboardService.class]
2025-04-28 19:07:26 DEBUG - Identified candidate component class: file [/Users/anastasiaholodova/Documents/GitHub/knit241JAVA/target/classes/org/knit/solutions/org2/lab20/crypto/AesEncryptionService.class]
2025-04-28 19:07:26 DEBUG - Identified candidate component class: file [/Users/anastasiaholodova/Documents/GitHub/knit241JAVA/target/classes/org/knit/solutions/org2/lab20/repository/InMemoryPasswordRepository.class]
2025-04-28 19:07:26 DEBUG - Identified candidate component class: file [/Users/anastasiaholodova/Documents/GitHub/knit241JAVA/target/classes/org/knit/solutions/org2/lab20/security/MasterPasswordHolder.class]
2025-04-28 19:07:26 DEBUG - Identified candidate component class: file [/Users/anastasiaholodova/Documents/GitHub/knit241JAVA/target/classes/org/knit/solutions/org2/lab20/service/PasswordService.class]
2025-04-28 19:07:26 DEBUG - Creating shared instance of singleton bean 'org.springframework.context.event.internalEventListenerProcessor'
2025-04-28 19:07:26 DEBUG - Creating shared instance of singleton bean 'org.springframework.context.event.internalEventListenerFactory'
2025-04-28 19:07:26 DEBUG - Creating shared instance of singleton bean 'org.springframework.context.annotation.internalAutowiredAnnotationProcessor'
2025-04-28 19:07:26 DEBUG - Creating shared instance of singleton bean 'systemClipboardService'
2025-04-28 19:07:26 DEBUG - Creating shared instance of singleton bean 'appConfig'
2025-04-28 19:07:26 DEBUG - Creating shared instance of singleton bean 'aesEncryptionService'
2025-04-28 19:07:26 DEBUG - Creating shared instance of singleton bean 'inMemoryPasswordRepository'
2025-04-28 19:07:26 DEBUG - Creating shared instance of singleton bean 'masterPasswordHolder'
2025-04-28 19:07:26 DEBUG - Creating shared instance of singleton bean 'passwordService'
2025-04-28 19:07:26 DEBUG - Autowiring by type from bean name 'passwordService' via constructor to bean named 'inMemoryPasswordRepository'
2025-04-28 19:07:26 DEBUG - Autowiring by type from bean name 'passwordService' via constructor to bean named 'aesEncryptionService'
2025-04-28 19:07:26 DEBUG - Autowiring by type from bean name 'passwordService' via constructor to bean named 'systemClipboardService'
2025-04-28 19:07:26 DEBUG - Autowiring by type from bean name 'passwordService' via constructor to bean named 'masterPasswordHolder'
2025-04-28 19:09:54 DEBUG - Closing org.springframework.context.annotation.AnnotationConfigApplicationContext@61df66b6, started on Mon Apr 28 19:07:26 GMT+04:00 2025
